<?xml version="1.0" encoding="UTF-8"?>
<testng-results ignored="0" total="10" passed="9" failed="1" skipped="0">
  <reporter-output>
  </reporter-output>
  <suite started-at="2021-05-13T05:54:58Z" name="Default suite" finished-at="2021-05-13T05:56:03Z" duration-ms="65549">
    <groups>
      <group name="cucumber">
        <method signature="AbstractTestNGCucumberTests.runScenario(io.cucumber.testng.PickleWrapper, io.cucumber.testng.FeatureWrapper)[pri:0, instance:parallel.ParallelRun@635eaaf1]" name="runScenario" class="io.cucumber.testng.AbstractTestNGCucumberTests"/>
      </group> <!-- cucumber -->
    </groups>
    <test started-at="2021-05-13T05:54:58Z" name="Default test" finished-at="2021-05-13T05:56:03Z" duration-ms="65549">
      <class name="parallel.ParallelRun">
        <test-method is-config="true" signature="setUpClass()[pri:0, instance:parallel.ParallelRun@635eaaf1]" started-at="2021-05-13T05:54:58Z" name="setUpClass" finished-at="2021-05-13T05:54:58Z" duration-ms="769" status="PASS">
          <reporter-output>
          </reporter-output>
        </test-method> <!-- setUpClass -->
        <test-method signature="runScenario(io.cucumber.testng.PickleWrapper, io.cucumber.testng.FeatureWrapper)[pri:0, instance:parallel.ParallelRun@635eaaf1]" started-at="2021-05-13T05:54:58Z" name="runScenario" description="Runs Cucumber Scenarios" data-provider="scenarios" finished-at="2021-05-13T05:55:41Z" duration-ms="42807" status="PASS">
          <params>
            <param index="0">
              <value>
                <![CDATA["Login page title"]]>
              </value>
            </param>
            <param index="1">
              <value>
                <![CDATA["Optional[Login page feature]"]]>
              </value>
            </param>
          </params>
          <reporter-output>
          </reporter-output>
        </test-method> <!-- runScenario -->
        <test-method signature="runScenario(io.cucumber.testng.PickleWrapper, io.cucumber.testng.FeatureWrapper)[pri:0, instance:parallel.ParallelRun@635eaaf1]" started-at="2021-05-13T05:54:58Z" name="runScenario" description="Runs Cucumber Scenarios" data-provider="scenarios" finished-at="2021-05-13T05:55:47Z" duration-ms="48590" status="PASS">
          <params>
            <param index="0">
              <value>
                <![CDATA["Login with correct credentials"]]>
              </value>
            </param>
            <param index="1">
              <value>
                <![CDATA["Optional[Login page feature]"]]>
              </value>
            </param>
          </params>
          <reporter-output>
          </reporter-output>
        </test-method> <!-- runScenario -->
        <test-method signature="runScenario(io.cucumber.testng.PickleWrapper, io.cucumber.testng.FeatureWrapper)[pri:0, instance:parallel.ParallelRun@635eaaf1]" started-at="2021-05-13T05:54:58Z" name="runScenario" description="Runs Cucumber Scenarios" data-provider="scenarios" finished-at="2021-05-13T05:55:47Z" duration-ms="48817" status="PASS">
          <params>
            <param index="0">
              <value>
                <![CDATA["Login with all credentials"]]>
              </value>
            </param>
            <param index="1">
              <value>
                <![CDATA["Optional[Login page feature]"]]>
              </value>
            </param>
          </params>
          <reporter-output>
          </reporter-output>
        </test-method> <!-- runScenario -->
        <test-method signature="runScenario(io.cucumber.testng.PickleWrapper, io.cucumber.testng.FeatureWrapper)[pri:0, instance:parallel.ParallelRun@635eaaf1]" started-at="2021-05-13T05:54:58Z" name="runScenario" description="Runs Cucumber Scenarios" data-provider="scenarios" finished-at="2021-05-13T05:55:59Z" duration-ms="61079" status="PASS">
          <params>
            <param index="0">
              <value>
                <![CDATA["Login with all credentials"]]>
              </value>
            </param>
            <param index="1">
              <value>
                <![CDATA["Optional[Login page feature]"]]>
              </value>
            </param>
          </params>
          <reporter-output>
          </reporter-output>
        </test-method> <!-- runScenario -->
        <test-method signature="runScenario(io.cucumber.testng.PickleWrapper, io.cucumber.testng.FeatureWrapper)[pri:0, instance:parallel.ParallelRun@635eaaf1]" started-at="2021-05-13T05:54:58Z" name="runScenario" description="Runs Cucumber Scenarios" data-provider="scenarios" finished-at="2021-05-13T05:55:45Z" duration-ms="46683" status="PASS">
          <params>
            <param index="0">
              <value>
                <![CDATA["Forgot Password link"]]>
              </value>
            </param>
            <param index="1">
              <value>
                <![CDATA["Optional[Login page feature]"]]>
              </value>
            </param>
          </params>
          <reporter-output>
          </reporter-output>
        </test-method> <!-- runScenario -->
        <test-method signature="runScenario(io.cucumber.testng.PickleWrapper, io.cucumber.testng.FeatureWrapper)[pri:0, instance:parallel.ParallelRun@635eaaf1]" started-at="2021-05-13T05:54:58Z" name="runScenario" description="Runs Cucumber Scenarios" data-provider="scenarios" finished-at="2021-05-13T05:55:47Z" duration-ms="48865" status="PASS">
          <params>
            <param index="0">
              <value>
                <![CDATA["Contact us page title"]]>
              </value>
            </param>
            <param index="1">
              <value>
                <![CDATA["Optional[Contact Us feature]"]]>
              </value>
            </param>
          </params>
          <reporter-output>
          </reporter-output>
        </test-method> <!-- runScenario -->
        <test-method signature="runScenario(io.cucumber.testng.PickleWrapper, io.cucumber.testng.FeatureWrapper)[pri:0, instance:parallel.ParallelRun@635eaaf1]" started-at="2021-05-13T05:54:58Z" name="runScenario" description="Runs Cucumber Scenarios" data-provider="scenarios" finished-at="2021-05-13T05:55:50Z" duration-ms="51179" status="FAIL">
          <params>
            <param index="0">
              <value>
                <![CDATA["Amazon page title"]]>
              </value>
            </param>
            <param index="1">
              <value>
                <![CDATA["Optional[Amazon page feature]"]]>
              </value>
            </param>
          </params>
          <exception class="java.lang.AssertionError">
            <message>
              <![CDATA[Found 5 accessibility violations:
1) Text of buttons and links should not be repeated in the image alternative: https://dequeuniversity.com/rules/axe/3.1/image-redundant-alt?application=axeAPI
  a) ["a[aria-label=\"Clothing\"]"]
    Fix all of the following:
      Element contains <img> element with alt text that duplicates existing text


  b) ["a[href=\"/b?node=1983518031\"]"]
    Fix all of the following:
      Element contains <img> element with alt text that duplicates existing text


  c) ["a[href=\"/b?node=2563504031\"]"]
    Fix all of the following:
      Element contains <img> element with alt text that duplicates existing text


  d) ["a[aria-label=\"BAGS\\ \\&\\ LUGGAGE\"]"]
    Fix all of the following:
      Element contains <img> element with alt text that duplicates existing text


  e) ["a[aria-label=\"Cereals\\ \\&\\ Oats\"]"]
    Fix all of the following:
      Element contains <img> element with alt text that duplicates existing text


  f) ["a[aria-label=\"Tea\\ \\&\\ Coffee\"]"]
    Fix all of the following:
      Element contains <img> element with alt text that duplicates existing text


  g) ["a[aria-label=\"Spreads\\ \\&\\ Honey\"]"]
    Fix all of the following:
      Element contains <img> element with alt text that duplicates existing text


  h) ["a[aria-label=\"Cleaning\\ essentials\"]"]
    Fix all of the following:
      Element contains <img> element with alt text that duplicates existing text


  i) ["a[aria-label=\"Immunity\\ \\&\\ healthcare\"]"]
    Fix all of the following:
      Element contains <img> element with alt text that duplicates existing text


  j) ["a[aria-label=\"Women\\'s\\ personal\\ care\"]"]
    Fix all of the following:
      Element contains <img> element with alt text that duplicates existing text


  k) ["a[aria-label=\"Men\\'s\\ grooming\"]"]
    Fix all of the following:
      Element contains <img> element with alt text that duplicates existing text


  l) ["a[aria-label=\"Women\\'s\\ Clothing\"]"]
    Fix all of the following:
      Element contains <img> element with alt text that duplicates existing text


  m) ["a[aria-label=\"Footwear\\+Handbags\"]"]
    Fix all of the following:
      Element contains <img> element with alt text that duplicates existing text


  n) ["#Z1TOtzOeCSJD44F3e60UlA > .a-cardui-body > .grid-row-2.a-section > .quadrant-container-0.quadrant-container.a-spacing-none > .image-redirect.aok-block[aria-label=\"Watches\"]"]
    Fix all of the following:
      Element contains <img> element with alt text that duplicates existing text


  o) ["a[aria-label=\"Fashion\\ jewellery\"]"]
    Fix all of the following:
      Element contains <img> element with alt text that duplicates existing text


  p) ["a[aria-label=\"Flight\\ tickets\"]"]
    Fix all of the following:
      Element contains <img> element with alt text that duplicates existing text


  q) ["a[aria-label=\"Bus\\ tickets\"]"]
    Fix all of the following:
      Element contains <img> element with alt text that duplicates existing text


  r) ["a[aria-label=\"Train\\ tickets\"]"]
    Fix all of the following:
      Element contains <img> element with alt text that duplicates existing text


  s) ["a[aria-label=\"Essential\\ travel\\ products\"]"]
    Fix all of the following:
      Element contains <img> element with alt text that duplicates existing text


  t) ["a[aria-label=\"N95\\ Masks\\ \\&\\ respirators\"]"]
    Fix all of the following:
      Element contains <img> element with alt text that duplicates existing text


  u) ["a[aria-label=\"Cloth\\ masks\"]"]
    Fix all of the following:
      Element contains <img> element with alt text that duplicates existing text


  v) ["a[aria-label=\"Kids\\ mask\"]"]
    Fix all of the following:
      Element contains <img> element with alt text that duplicates existing text


  w) ["a[aria-label=\"View\\ the\\ mask\\ store\"]"]
    Fix all of the following:
      Element contains <img> element with alt text that duplicates existing text


  x) ["a[aria-label=\"Dog\\ supplies\"]"]
    Fix all of the following:
      Element contains <img> element with alt text that duplicates existing text


  y) ["a[aria-label=\"Cat\\ supplies\"]"]
    Fix all of the following:
      Element contains <img> element with alt text that duplicates existing text


  z) ["a[aria-label=\"Aquatics\\ supplies\"]"]
    Fix all of the following:
      Element contains <img> element with alt text that duplicates existing text


  aa) ["a[aria-label=\"Bird\\ supplies\"]"]
    Fix all of the following:
      Element contains <img> element with alt text that duplicates existing text


  ab) ["a[aria-label=\"Chips\\ \\&\\ namkeens\"]"]
    Fix all of the following:
      Element contains <img> element with alt text that duplicates existing text


  ac) ["a[aria-label=\"Biscuits\\ \\&\\ cookies\"]"]
    Fix all of the following:
      Element contains <img> element with alt text that duplicates existing text


  ad) ["a[aria-label=\"Frozen\\ snacks\"]"]
    Fix all of the following:
      Element contains <img> element with alt text that duplicates existing text


  ae) ["#U7H7lWNcujxahj44f2hHHw > .a-cardui-body > .grid-row-2.a-section > .quadrant-container-1.quadrant-container.a-spacing-none > .image-redirect.aok-block.image-window"]
    Fix all of the following:
      Element contains <img> element with alt text that duplicates existing text


  af) ["a[aria-label=\"Fresh\\ fruits\"]"]
    Fix all of the following:
      Element contains <img> element with alt text that duplicates existing text


  ag) ["a[aria-label=\"Dairy\\,\\ bread\\ \\&\\ eggs\"]"]
    Fix all of the following:
      Element contains <img> element with alt text that duplicates existing text


  ah) ["a[aria-label=\"Breakfast\\ cereals\"]"]
    Fix all of the following:
      Element contains <img> element with alt text that duplicates existing text


  ai) ["#\\35 zVk8pxfnAlYsGWOPku5jQ > .a-cardui-body > .grid-row-2.a-section > .quadrant-container-1.quadrant-container.a-spacing-none > .image-redirect.aok-block.image-window"]
    Fix all of the following:
      Element contains <img> element with alt text that duplicates existing text


  aj) ["a[aria-label=\"Skin\\ care\"]"]
    Fix all of the following:
      Element contains <img> element with alt text that duplicates existing text


  ak) ["a[aria-label=\"Hair\\ care\"]"]
    Fix all of the following:
      Element contains <img> element with alt text that duplicates existing text


  al) ["a[aria-label=\"Makeup\"]"]
    Fix all of the following:
      Element contains <img> element with alt text that duplicates existing text


  am) ["a[aria-label=\"Luxury\\ beauty\"]"]
    Fix all of the following:
      Element contains <img> element with alt text that duplicates existing text


  an) ["a[aria-label=\"Cookware\"]"]
    Fix all of the following:
      Element contains <img> element with alt text that duplicates existing text


  ao) ["a[aria-label=\"Tableware\"]"]
    Fix all of the following:
      Element contains <img> element with alt text that duplicates existing text


  ap) ["a[aria-label=\"Body\\ lotions\"]"]
    Fix all of the following:
      Element contains <img> element with alt text that duplicates existing text


  aq) ["a[aria-label=\"Face\\ creams\"]"]
    Fix all of the following:
      Element contains <img> element with alt text that duplicates existing text


  ar) ["a[aria-label=\"Health\\ aids\"]"]
    Fix all of the following:
      Element contains <img> element with alt text that duplicates existing text


  as) ["#\\36 98NUdRHRvZGMh8EzsLNyg > .a-cardui-body > .grid-row-2.a-section > .quadrant-container-1.quadrant-container.a-spacing-none > .image-redirect.aok-block.image-window"]
    Fix all of the following:
      Element contains <img> element with alt text that duplicates existing text


  at) ["a[aria-label=\"Men\u2019s\\ Innerwear\"]"]
    Fix all of the following:
      Element contains <img> element with alt text that duplicates existing text


  au) ["a[aria-label=\"Women\\'s\\ sarees\"]"]
    Fix all of the following:
      Element contains <img> element with alt text that duplicates existing text


  av) ["a[aria-label=\"Men\\'s\\ footwear\"]"]
    Fix all of the following:
      Element contains <img> element with alt text that duplicates existing text


  aw) [".quadrant-container-1.quadrant-container.a-spacing-none > .image-redirect.aok-block[aria-label=\"Watches\"]"]
    Fix all of the following:
      Element contains <img> element with alt text that duplicates existing text


  ax) ["a[aria-label=\"CLOTHING\"]"]
    Fix all of the following:
      Element contains <img> element with alt text that duplicates existing text


  ay) ["#\\39 J2RKqdU4MwQuQ7w7IFHWA > .a-cardui-body > .a-spacing-small.grid-row-1.a-section > .quadrant-container-1.quadrant-container.a-spacing-none > .image-redirect.aok-block[aria-label=\"Footwear\"]"]
    Fix all of the following:
      Element contains <img> element with alt text that duplicates existing text


  az) ["a[aria-label=\"Precious\\ jewellery\"]"]
    Fix all of the following:
      Element contains <img> element with alt text that duplicates existing text


  ba) ["a[aria-label=\"Juices\"]"]
    Fix all of the following:
      Element contains <img> element with alt text that duplicates existing text


  bb) ["a[aria-label=\"Cold\\ drinks\"]"]
    Fix all of the following:
      Element contains <img> element with alt text that duplicates existing text


  bc) ["a[aria-label=\"Tea\\ \\&\\ coffee\"]"]
    Fix all of the following:
      Element contains <img> element with alt text that duplicates existing text


  bd) ["#-UJiXWLNCx4Ljq9F2adibg > .a-cardui-body > .grid-row-2.a-section > .quadrant-container-1.quadrant-container.a-spacing-none > .image-redirect.aok-block.image-window"]
    Fix all of the following:
      Element contains <img> element with alt text that duplicates existing text


  be) ["a[aria-label=\"Men\\'s\\ clothing\"]"]
    Fix all of the following:
      Element contains <img> element with alt text that duplicates existing text


  bf) ["a[aria-label=\"Women\u2019s\\ clothing\"]"]
    Fix all of the following:
      Element contains <img> element with alt text that duplicates existing text


  bg) ["a[aria-label=\"Kids\\ clothing\"]"]
    Fix all of the following:
      Element contains <img> element with alt text that duplicates existing text


  bh) [".grid-row-2.a-section > .quadrant-container-1.quadrant-container.a-spacing-none > .image-redirect.aok-block[aria-label=\"Footwear\"]"]
    Fix all of the following:
      Element contains <img> element with alt text that duplicates existing text


2) Form elements should have a visible label: https://dequeuniversity.com/rules/axe/3.1/label-title-only?application=axeAPI
  a) ["#searchDropdownBox"]
    Fix all of the following:
      Only title used to generate label for form element


3) Links must have discernible text: https://dequeuniversity.com/rules/axe/3.1/link-name?application=axeAPI
  a) ["a[href$=\"ref=footer_logo\"]"]
    Fix all of the following:
      Element is in tab order and does not have accessible text

    Fix any of the following:
      Element does not have text that is visible to screen readers
      aria-label attribute does not exist or is empty
      aria-labelledby attribute does not exist, references elements that do not exist or references elements that are empty
      Element's default semantics were not overridden with role="presentation"
      Element's default semantics were not overridden with role="none"


4) Page must contain a level-one heading: https://dequeuniversity.com/rules/axe/3.1/page-has-heading-one?application=axeAPI
  a) ["html"]
    Fix all of the following:
      Page must have a level-one heading


5) All page content must be contained by landmarks: https://dequeuniversity.com/rules/axe/3.1/region?application=axeAPI
  a) ["html"]
    Fix any of the following:
      Some page content is not contained by landmarks

 expected [true] but found [false]]]>
            </message>
            <full-stacktrace>
              <![CDATA[java.lang.AssertionError: Found 5 accessibility violations:
1) Text of buttons and links should not be repeated in the image alternative: https://dequeuniversity.com/rules/axe/3.1/image-redundant-alt?application=axeAPI
  a) ["a[aria-label=\"Clothing\"]"]
    Fix all of the following:
      Element contains <img> element with alt text that duplicates existing text


  b) ["a[href=\"/b?node=1983518031\"]"]
    Fix all of the following:
      Element contains <img> element with alt text that duplicates existing text


  c) ["a[href=\"/b?node=2563504031\"]"]
    Fix all of the following:
      Element contains <img> element with alt text that duplicates existing text


  d) ["a[aria-label=\"BAGS\\ \\&\\ LUGGAGE\"]"]
    Fix all of the following:
      Element contains <img> element with alt text that duplicates existing text


  e) ["a[aria-label=\"Cereals\\ \\&\\ Oats\"]"]
    Fix all of the following:
      Element contains <img> element with alt text that duplicates existing text


  f) ["a[aria-label=\"Tea\\ \\&\\ Coffee\"]"]
    Fix all of the following:
      Element contains <img> element with alt text that duplicates existing text


  g) ["a[aria-label=\"Spreads\\ \\&\\ Honey\"]"]
    Fix all of the following:
      Element contains <img> element with alt text that duplicates existing text


  h) ["a[aria-label=\"Cleaning\\ essentials\"]"]
    Fix all of the following:
      Element contains <img> element with alt text that duplicates existing text


  i) ["a[aria-label=\"Immunity\\ \\&\\ healthcare\"]"]
    Fix all of the following:
      Element contains <img> element with alt text that duplicates existing text


  j) ["a[aria-label=\"Women\\'s\\ personal\\ care\"]"]
    Fix all of the following:
      Element contains <img> element with alt text that duplicates existing text


  k) ["a[aria-label=\"Men\\'s\\ grooming\"]"]
    Fix all of the following:
      Element contains <img> element with alt text that duplicates existing text


  l) ["a[aria-label=\"Women\\'s\\ Clothing\"]"]
    Fix all of the following:
      Element contains <img> element with alt text that duplicates existing text


  m) ["a[aria-label=\"Footwear\\+Handbags\"]"]
    Fix all of the following:
      Element contains <img> element with alt text that duplicates existing text


  n) ["#Z1TOtzOeCSJD44F3e60UlA > .a-cardui-body > .grid-row-2.a-section > .quadrant-container-0.quadrant-container.a-spacing-none > .image-redirect.aok-block[aria-label=\"Watches\"]"]
    Fix all of the following:
      Element contains <img> element with alt text that duplicates existing text


  o) ["a[aria-label=\"Fashion\\ jewellery\"]"]
    Fix all of the following:
      Element contains <img> element with alt text that duplicates existing text


  p) ["a[aria-label=\"Flight\\ tickets\"]"]
    Fix all of the following:
      Element contains <img> element with alt text that duplicates existing text


  q) ["a[aria-label=\"Bus\\ tickets\"]"]
    Fix all of the following:
      Element contains <img> element with alt text that duplicates existing text


  r) ["a[aria-label=\"Train\\ tickets\"]"]
    Fix all of the following:
      Element contains <img> element with alt text that duplicates existing text


  s) ["a[aria-label=\"Essential\\ travel\\ products\"]"]
    Fix all of the following:
      Element contains <img> element with alt text that duplicates existing text


  t) ["a[aria-label=\"N95\\ Masks\\ \\&\\ respirators\"]"]
    Fix all of the following:
      Element contains <img> element with alt text that duplicates existing text


  u) ["a[aria-label=\"Cloth\\ masks\"]"]
    Fix all of the following:
      Element contains <img> element with alt text that duplicates existing text


  v) ["a[aria-label=\"Kids\\ mask\"]"]
    Fix all of the following:
      Element contains <img> element with alt text that duplicates existing text


  w) ["a[aria-label=\"View\\ the\\ mask\\ store\"]"]
    Fix all of the following:
      Element contains <img> element with alt text that duplicates existing text


  x) ["a[aria-label=\"Dog\\ supplies\"]"]
    Fix all of the following:
      Element contains <img> element with alt text that duplicates existing text


  y) ["a[aria-label=\"Cat\\ supplies\"]"]
    Fix all of the following:
      Element contains <img> element with alt text that duplicates existing text


  z) ["a[aria-label=\"Aquatics\\ supplies\"]"]
    Fix all of the following:
      Element contains <img> element with alt text that duplicates existing text


  aa) ["a[aria-label=\"Bird\\ supplies\"]"]
    Fix all of the following:
      Element contains <img> element with alt text that duplicates existing text


  ab) ["a[aria-label=\"Chips\\ \\&\\ namkeens\"]"]
    Fix all of the following:
      Element contains <img> element with alt text that duplicates existing text


  ac) ["a[aria-label=\"Biscuits\\ \\&\\ cookies\"]"]
    Fix all of the following:
      Element contains <img> element with alt text that duplicates existing text


  ad) ["a[aria-label=\"Frozen\\ snacks\"]"]
    Fix all of the following:
      Element contains <img> element with alt text that duplicates existing text


  ae) ["#U7H7lWNcujxahj44f2hHHw > .a-cardui-body > .grid-row-2.a-section > .quadrant-container-1.quadrant-container.a-spacing-none > .image-redirect.aok-block.image-window"]
    Fix all of the following:
      Element contains <img> element with alt text that duplicates existing text


  af) ["a[aria-label=\"Fresh\\ fruits\"]"]
    Fix all of the following:
      Element contains <img> element with alt text that duplicates existing text


  ag) ["a[aria-label=\"Dairy\\,\\ bread\\ \\&\\ eggs\"]"]
    Fix all of the following:
      Element contains <img> element with alt text that duplicates existing text


  ah) ["a[aria-label=\"Breakfast\\ cereals\"]"]
    Fix all of the following:
      Element contains <img> element with alt text that duplicates existing text


  ai) ["#\\35 zVk8pxfnAlYsGWOPku5jQ > .a-cardui-body > .grid-row-2.a-section > .quadrant-container-1.quadrant-container.a-spacing-none > .image-redirect.aok-block.image-window"]
    Fix all of the following:
      Element contains <img> element with alt text that duplicates existing text


  aj) ["a[aria-label=\"Skin\\ care\"]"]
    Fix all of the following:
      Element contains <img> element with alt text that duplicates existing text


  ak) ["a[aria-label=\"Hair\\ care\"]"]
    Fix all of the following:
      Element contains <img> element with alt text that duplicates existing text


  al) ["a[aria-label=\"Makeup\"]"]
    Fix all of the following:
      Element contains <img> element with alt text that duplicates existing text


  am) ["a[aria-label=\"Luxury\\ beauty\"]"]
    Fix all of the following:
      Element contains <img> element with alt text that duplicates existing text


  an) ["a[aria-label=\"Cookware\"]"]
    Fix all of the following:
      Element contains <img> element with alt text that duplicates existing text


  ao) ["a[aria-label=\"Tableware\"]"]
    Fix all of the following:
      Element contains <img> element with alt text that duplicates existing text


  ap) ["a[aria-label=\"Body\\ lotions\"]"]
    Fix all of the following:
      Element contains <img> element with alt text that duplicates existing text


  aq) ["a[aria-label=\"Face\\ creams\"]"]
    Fix all of the following:
      Element contains <img> element with alt text that duplicates existing text


  ar) ["a[aria-label=\"Health\\ aids\"]"]
    Fix all of the following:
      Element contains <img> element with alt text that duplicates existing text


  as) ["#\\36 98NUdRHRvZGMh8EzsLNyg > .a-cardui-body > .grid-row-2.a-section > .quadrant-container-1.quadrant-container.a-spacing-none > .image-redirect.aok-block.image-window"]
    Fix all of the following:
      Element contains <img> element with alt text that duplicates existing text


  at) ["a[aria-label=\"Men\u2019s\\ Innerwear\"]"]
    Fix all of the following:
      Element contains <img> element with alt text that duplicates existing text


  au) ["a[aria-label=\"Women\\'s\\ sarees\"]"]
    Fix all of the following:
      Element contains <img> element with alt text that duplicates existing text


  av) ["a[aria-label=\"Men\\'s\\ footwear\"]"]
    Fix all of the following:
      Element contains <img> element with alt text that duplicates existing text


  aw) [".quadrant-container-1.quadrant-container.a-spacing-none > .image-redirect.aok-block[aria-label=\"Watches\"]"]
    Fix all of the following:
      Element contains <img> element with alt text that duplicates existing text


  ax) ["a[aria-label=\"CLOTHING\"]"]
    Fix all of the following:
      Element contains <img> element with alt text that duplicates existing text


  ay) ["#\\39 J2RKqdU4MwQuQ7w7IFHWA > .a-cardui-body > .a-spacing-small.grid-row-1.a-section > .quadrant-container-1.quadrant-container.a-spacing-none > .image-redirect.aok-block[aria-label=\"Footwear\"]"]
    Fix all of the following:
      Element contains <img> element with alt text that duplicates existing text


  az) ["a[aria-label=\"Precious\\ jewellery\"]"]
    Fix all of the following:
      Element contains <img> element with alt text that duplicates existing text


  ba) ["a[aria-label=\"Juices\"]"]
    Fix all of the following:
      Element contains <img> element with alt text that duplicates existing text


  bb) ["a[aria-label=\"Cold\\ drinks\"]"]
    Fix all of the following:
      Element contains <img> element with alt text that duplicates existing text


  bc) ["a[aria-label=\"Tea\\ \\&\\ coffee\"]"]
    Fix all of the following:
      Element contains <img> element with alt text that duplicates existing text


  bd) ["#-UJiXWLNCx4Ljq9F2adibg > .a-cardui-body > .grid-row-2.a-section > .quadrant-container-1.quadrant-container.a-spacing-none > .image-redirect.aok-block.image-window"]
    Fix all of the following:
      Element contains <img> element with alt text that duplicates existing text


  be) ["a[aria-label=\"Men\\'s\\ clothing\"]"]
    Fix all of the following:
      Element contains <img> element with alt text that duplicates existing text


  bf) ["a[aria-label=\"Women\u2019s\\ clothing\"]"]
    Fix all of the following:
      Element contains <img> element with alt text that duplicates existing text


  bg) ["a[aria-label=\"Kids\\ clothing\"]"]
    Fix all of the following:
      Element contains <img> element with alt text that duplicates existing text


  bh) [".grid-row-2.a-section > .quadrant-container-1.quadrant-container.a-spacing-none > .image-redirect.aok-block[aria-label=\"Footwear\"]"]
    Fix all of the following:
      Element contains <img> element with alt text that duplicates existing text


2) Form elements should have a visible label: https://dequeuniversity.com/rules/axe/3.1/label-title-only?application=axeAPI
  a) ["#searchDropdownBox"]
    Fix all of the following:
      Only title used to generate label for form element


3) Links must have discernible text: https://dequeuniversity.com/rules/axe/3.1/link-name?application=axeAPI
  a) ["a[href$=\"ref=footer_logo\"]"]
    Fix all of the following:
      Element is in tab order and does not have accessible text

    Fix any of the following:
      Element does not have text that is visible to screen readers
      aria-label attribute does not exist or is empty
      aria-labelledby attribute does not exist, references elements that do not exist or references elements that are empty
      Element's default semantics were not overridden with role="presentation"
      Element's default semantics were not overridden with role="none"


4) Page must contain a level-one heading: https://dequeuniversity.com/rules/axe/3.1/page-has-heading-one?application=axeAPI
  a) ["html"]
    Fix all of the following:
      Page must have a level-one heading


5) All page content must be contained by landmarks: https://dequeuniversity.com/rules/axe/3.1/region?application=axeAPI
  a) ["html"]
    Fix any of the following:
      Some page content is not contained by landmarks

 expected [true] but found [false]
at org.testng.Assert.fail(Assert.java:96)
at org.testng.Assert.failNotEquals(Assert.java:776)
at org.testng.Assert.assertTrue(Assert.java:44)
at parallel.AmazonPageSteps.user_is_on_home_page(AmazonPageSteps.java:35)
at ✽.user is on home page(file:///C:/Users/Raju%20Krish/git/CucumberPOMSeries/CucumberPOMSeries/src/test/resources/parallel/AmazonPage.feature:4)
]]>
            </full-stacktrace>
          </exception> <!-- java.lang.AssertionError -->
          <reporter-output>
          </reporter-output>
        </test-method> <!-- runScenario -->
        <test-method signature="runScenario(io.cucumber.testng.PickleWrapper, io.cucumber.testng.FeatureWrapper)[pri:0, instance:parallel.ParallelRun@635eaaf1]" started-at="2021-05-13T05:54:58Z" name="runScenario" description="Runs Cucumber Scenarios" data-provider="scenarios" finished-at="2021-05-13T05:55:47Z" duration-ms="48973" status="PASS">
          <params>
            <param index="0">
              <value>
                <![CDATA["Login with all credentials"]]>
              </value>
            </param>
            <param index="1">
              <value>
                <![CDATA["Optional[Login page feature]"]]>
              </value>
            </param>
          </params>
          <reporter-output>
          </reporter-output>
        </test-method> <!-- runScenario -->
        <test-method signature="runScenario(io.cucumber.testng.PickleWrapper, io.cucumber.testng.FeatureWrapper)[pri:0, instance:parallel.ParallelRun@635eaaf1]" started-at="2021-05-13T05:54:58Z" name="runScenario" description="Runs Cucumber Scenarios" data-provider="scenarios" finished-at="2021-05-13T05:55:56Z" duration-ms="57709" status="PASS">
          <params>
            <param index="0">
              <value>
                <![CDATA["Login with all credentials"]]>
              </value>
            </param>
            <param index="1">
              <value>
                <![CDATA["Optional[Login page feature]"]]>
              </value>
            </param>
          </params>
          <reporter-output>
          </reporter-output>
        </test-method> <!-- runScenario -->
        <test-method signature="runScenario(io.cucumber.testng.PickleWrapper, io.cucumber.testng.FeatureWrapper)[pri:0, instance:parallel.ParallelRun@635eaaf1]" started-at="2021-05-13T05:54:58Z" name="runScenario" description="Runs Cucumber Scenarios" data-provider="scenarios" finished-at="2021-05-13T05:55:41Z" duration-ms="42760" status="PASS">
          <params>
            <param index="0">
              <value>
                <![CDATA["Input Forms scenario"]]>
              </value>
            </param>
            <param index="1">
              <value>
                <![CDATA["Optional[MenuList feature on Selenium Easy webapplication]"]]>
              </value>
            </param>
          </params>
          <reporter-output>
          </reporter-output>
        </test-method> <!-- runScenario -->
        <test-method is-config="true" signature="tearDownClass()[pri:0, instance:parallel.ParallelRun@635eaaf1]" started-at="2021-05-13T05:55:59Z" name="tearDownClass" finished-at="2021-05-13T05:56:03Z" duration-ms="3678" status="PASS">
          <reporter-output>
          </reporter-output>
        </test-method> <!-- tearDownClass -->
      </class> <!-- parallel.ParallelRun -->
    </test> <!-- Default test -->
  </suite> <!-- Default suite -->
</testng-results>
