<?xml version="1.0" encoding="UTF-8"?>
<testng-results ignored="0" total="1" passed="1" failed="0" skipped="0">
  <reporter-output>
  </reporter-output>
  <suite started-at="2021-04-10T08:13:20Z" name="Default suite" finished-at="2021-04-10T08:13:40Z" duration-ms="20041">
    <groups>
    </groups>
    <test started-at="2021-04-10T08:13:20Z" name="Default test" finished-at="2021-04-10T08:13:40Z" duration-ms="20041">
      <class name="HPTest">
        <test-method is-config="true" signature="Setup()[pri:0, instance:HPTest@45b9a632]" started-at="2021-04-10T08:13:20Z" name="Setup" finished-at="2021-04-10T08:13:24Z" duration-ms="4214" status="PASS">
          <reporter-output>
          </reporter-output>
        </test-method> <!-- Setup -->
        <test-method signature="demotest()[pri:0, instance:HPTest@45b9a632]" started-at="2021-04-10T08:13:24Z" name="demotest" finished-at="2021-04-10T08:13:38Z" duration-ms="13631" status="PASS">
          <reporter-output>
          </reporter-output>
        </test-method> <!-- demotest -->
        <test-method is-config="true" signature="Teardown()[pri:0, instance:HPTest@45b9a632]" started-at="2021-04-10T08:13:38Z" name="Teardown" finished-at="2021-04-10T08:13:40Z" duration-ms="2175" status="PASS">
          <reporter-output>
          </reporter-output>
        </test-method> <!-- Teardown -->
      </class> <!-- HPTest -->
    </test> <!-- Default test -->
  </suite> <!-- Default suite -->
</testng-results>
