<?xml version="1.0" encoding="UTF-8"?>
<!-- Generated by org.testng.reporters.JUnitXMLReporter -->
<testsuite ignored="0" hostname="DESKTOP-29FAU25" failures="1" tests="4" name="chromeTest" time="52.076" errors="0" timestamp="07 May 2021 10:33:25 GMT">
  <testcase classname="io.cucumber.testng.AbstractTestNGCucumberTests" name="runScenario" time="39.559"/>
  <testcase classname="io.cucumber.testng.AbstractTestNGCucumberTests" name="runScenario" time="39.559"/>
  <testcase classname="io.cucumber.testng.AbstractTestNGCucumberTests" name="runScenario" time="39.559"/>
  <testcase classname="io.cucumber.testng.AbstractTestNGCucumberTests" name="runScenario" time="47.491">
    <failure type="java.lang.AssertionError" message="Found 5 accessibility violations:
1) Text of buttons and links should not be repeated in the image alternative: https://dequeuniversity.com/rules/axe/3.1/image-redundant-alt?application=axeAPI
  a) [&amp;quot;a[aria-label=\&amp;quot;Measuring\\ instruments\&amp;quot;]&amp;quot;]
    Fix all of the following:
      Element contains &amp;lt;img&amp;gt; element with alt text that duplicates existing text


  b) [&amp;quot;a[aria-label=\&amp;quot;Medical\\ supplies\&amp;quot;]&amp;quot;]
    Fix all of the following:
      Element contains &amp;lt;img&amp;gt; element with alt text that duplicates existing text


  c) [&amp;quot;a[aria-label=\&amp;quot;Flight\\ tickets\&amp;quot;]&amp;quot;]
    Fix all of the following:
      Element contains &amp;lt;img&amp;gt; element with alt text that duplicates existing text


  d) [&amp;quot;a[aria-label=\&amp;quot;Bus\\ tickets\&amp;quot;]&amp;quot;]
    Fix all of the following:
      Element contains &amp;lt;img&amp;gt; element with alt text that duplicates existing text


  e) [&amp;quot;a[aria-label=\&amp;quot;Train\\ tickets\&amp;quot;]&amp;quot;]
    Fix all of the following:
      Element contains &amp;lt;img&amp;gt; element with alt text that duplicates existing text


  f) [&amp;quot;a[aria-label=\&amp;quot;Essential\\ travel\\ products\&amp;quot;]&amp;quot;]
    Fix all of the following:
      Element contains &amp;lt;img&amp;gt; element with alt text that duplicates existing text


  g) [&amp;quot;a[aria-label=\&amp;quot;Cereals\\ \\&amp;amp;\\ Oats\&amp;quot;]&amp;quot;]
    Fix all of the following:
      Element contains &amp;lt;img&amp;gt; element with alt text that duplicates existing text


  h) [&amp;quot;a[aria-label=\&amp;quot;Tea\\ \\&amp;amp;\\ Coffee\&amp;quot;]&amp;quot;]
    Fix all of the following:
      Element contains &amp;lt;img&amp;gt; element with alt text that duplicates existing text


  i) [&amp;quot;a[aria-label=\&amp;quot;Spreads\\ \\&amp;amp;\\ Honey\&amp;quot;]&amp;quot;]
    Fix all of the following:
      Element contains &amp;lt;img&amp;gt; element with alt text that duplicates existing text


  j) [&amp;quot;a[aria-label=\&amp;quot;Clothing\&amp;quot;]&amp;quot;]
    Fix all of the following:
      Element contains &amp;lt;img&amp;gt; element with alt text that duplicates existing text


  k) [&amp;quot;a[href=\&amp;quot;/b?node=1983518031\&amp;quot;]&amp;quot;]
    Fix all of the following:
      Element contains &amp;lt;img&amp;gt; element with alt text that duplicates existing text


  l) [&amp;quot;a[href=\&amp;quot;/b?node=2563504031\&amp;quot;]&amp;quot;]
    Fix all of the following:
      Element contains &amp;lt;img&amp;gt; element with alt text that duplicates existing text


  m) [&amp;quot;a[aria-label=\&amp;quot;BAGS\\ \\&amp;amp;\\ LUGGAGE\&amp;quot;]&amp;quot;]
    Fix all of the following:
      Element contains &amp;lt;img&amp;gt; element with alt text that duplicates existing text


  n) [&amp;quot;a[aria-label=\&amp;quot;Cookware\&amp;quot;]&amp;quot;]
    Fix all of the following:
      Element contains &amp;lt;img&amp;gt; element with alt text that duplicates existing text


  o) [&amp;quot;a[aria-label=\&amp;quot;Tableware\&amp;quot;]&amp;quot;]
    Fix all of the following:
      Element contains &amp;lt;img&amp;gt; element with alt text that duplicates existing text


  p) [&amp;quot;a[aria-label=\&amp;quot;N95\\ Masks\\ \\&amp;amp;\\ respirators\&amp;quot;]&amp;quot;]
    Fix all of the following:
      Element contains &amp;lt;img&amp;gt; element with alt text that duplicates existing text


  q) [&amp;quot;a[aria-label=\&amp;quot;Cloth\\ masks\&amp;quot;]&amp;quot;]
    Fix all of the following:
      Element contains &amp;lt;img&amp;gt; element with alt text that duplicates existing text


  r) [&amp;quot;a[aria-label=\&amp;quot;Kids\\ mask\&amp;quot;]&amp;quot;]
    Fix all of the following:
      Element contains &amp;lt;img&amp;gt; element with alt text that duplicates existing text


  s) [&amp;quot;a[aria-label=\&amp;quot;View\\ the\\ mask\\ store\&amp;quot;]&amp;quot;]
    Fix all of the following:
      Element contains &amp;lt;img&amp;gt; element with alt text that duplicates existing text


  t) [&amp;quot;a[aria-label=\&amp;quot;Skin\\ care\&amp;quot;]&amp;quot;]
    Fix all of the following:
      Element contains &amp;lt;img&amp;gt; element with alt text that duplicates existing text


  u) [&amp;quot;a[aria-label=\&amp;quot;Hair\\ care\&amp;quot;]&amp;quot;]
    Fix all of the following:
      Element contains &amp;lt;img&amp;gt; element with alt text that duplicates existing text


  v) [&amp;quot;a[aria-label=\&amp;quot;Makeup\&amp;quot;]&amp;quot;]
    Fix all of the following:
      Element contains &amp;lt;img&amp;gt; element with alt text that duplicates existing text


  w) [&amp;quot;a[aria-label=\&amp;quot;Luxury\\ beauty\&amp;quot;]&amp;quot;]
    Fix all of the following:
      Element contains &amp;lt;img&amp;gt; element with alt text that duplicates existing text


  x) [&amp;quot;a[href=\&amp;quot;/b?node=11599648031\&amp;quot;]&amp;quot;]
    Fix all of the following:
      Element contains &amp;lt;img&amp;gt; element with alt text that duplicates existing text


  y) [&amp;quot;a[aria-label=\&amp;quot;Tablets\&amp;quot;]&amp;quot;]
    Fix all of the following:
      Element contains &amp;lt;img&amp;gt; element with alt text that duplicates existing text


  z) [&amp;quot;a[aria-label=\&amp;quot;Laptops\&amp;quot;]&amp;quot;]
    Fix all of the following:
      Element contains &amp;lt;img&amp;gt; element with alt text that duplicates existing text


  aa) [&amp;quot;a[aria-label=\&amp;quot;Monitors\&amp;quot;]&amp;quot;]
    Fix all of the following:
      Element contains &amp;lt;img&amp;gt; element with alt text that duplicates existing text


  ab) [&amp;quot;a[aria-label=\&amp;quot;All-new\\ Echo\\ Dot\&amp;quot;]&amp;quot;]
    Fix all of the following:
      Element contains &amp;lt;img&amp;gt; element with alt text that duplicates existing text


  ac) [&amp;quot;a[aria-label=\&amp;quot;All-new\\ Fire\\ TV\\ Stick\&amp;quot;]&amp;quot;]
    Fix all of the following:
      Element contains &amp;lt;img&amp;gt; element with alt text that duplicates existing text


  ad) [&amp;quot;a[aria-label=\&amp;quot;Echo\\ Show\\ 5\&amp;quot;]&amp;quot;]
    Fix all of the following:
      Element contains &amp;lt;img&amp;gt; element with alt text that duplicates existing text


  ae) [&amp;quot;a[aria-label=\&amp;quot;Kindle\\ E-readers\&amp;quot;]&amp;quot;]
    Fix all of the following:
      Element contains &amp;lt;img&amp;gt; element with alt text that duplicates existing text


  af) [&amp;quot;a[aria-label=\&amp;quot;Printers\&amp;quot;]&amp;quot;]
    Fix all of the following:
      Element contains &amp;lt;img&amp;gt; element with alt text that duplicates existing text


  ag) [&amp;quot;a[aria-label=\&amp;quot;Routers\\ \\&amp;amp;\\ hotspots\&amp;quot;]&amp;quot;]
    Fix all of the following:
      Element contains &amp;lt;img&amp;gt; element with alt text that duplicates existing text


  ah) [&amp;quot;a[aria-label=\&amp;quot;Computer\\ accessories\&amp;quot;]&amp;quot;]
    Fix all of the following:
      Element contains &amp;lt;img&amp;gt; element with alt text that duplicates existing text


  ai) [&amp;quot;a[aria-label=\&amp;quot;Stationery\\ \\&amp;amp;\\ office\\ supplies\&amp;quot;]&amp;quot;]
    Fix all of the following:
      Element contains &amp;lt;img&amp;gt; element with alt text that duplicates existing text


  aj) [&amp;quot;a[aria-label=\&amp;quot;Men\\&amp;apos;s\\ clothing\&amp;quot;]&amp;quot;]
    Fix all of the following:
      Element contains &amp;lt;img&amp;gt; element with alt text that duplicates existing text


  ak) [&amp;quot;a[aria-label=\&amp;quot;Women\u2019s\\ clothing\&amp;quot;]&amp;quot;]
    Fix all of the following:
      Element contains &amp;lt;img&amp;gt; element with alt text that duplicates existing text


  al) [&amp;quot;a[aria-label=\&amp;quot;Kids\\ clothing\&amp;quot;]&amp;quot;]
    Fix all of the following:
      Element contains &amp;lt;img&amp;gt; element with alt text that duplicates existing text


  am) [&amp;quot;.grid-row-2.a-section &amp;gt; .quadrant-container-1.quadrant-container.a-spacing-none &amp;gt; .image-redirect.aok-block[aria-label=\&amp;quot;Footwear\&amp;quot;]&amp;quot;]
    Fix all of the following:
      Element contains &amp;lt;img&amp;gt; element with alt text that duplicates existing text


  an) [&amp;quot;a[aria-label=\&amp;quot;Men\u2019s\\ Innerwear\&amp;quot;]&amp;quot;]
    Fix all of the following:
      Element contains &amp;lt;img&amp;gt; element with alt text that duplicates existing text


  ao) [&amp;quot;a[aria-label=\&amp;quot;Women\\&amp;apos;s\\ sarees\&amp;quot;]&amp;quot;]
    Fix all of the following:
      Element contains &amp;lt;img&amp;gt; element with alt text that duplicates existing text


  ap) [&amp;quot;a[aria-label=\&amp;quot;Men\\&amp;apos;s\\ footwear\&amp;quot;]&amp;quot;]
    Fix all of the following:
      Element contains &amp;lt;img&amp;gt; element with alt text that duplicates existing text


  aq) [&amp;quot;.quadrant-container-1.quadrant-container.a-spacing-none &amp;gt; .image-redirect.aok-block[aria-label=\&amp;quot;Watches\&amp;quot;]&amp;quot;]
    Fix all of the following:
      Element contains &amp;lt;img&amp;gt; element with alt text that duplicates existing text


  ar) [&amp;quot;a[aria-label=\&amp;quot;Gift\\ for\\ men\&amp;quot;]&amp;quot;]
    Fix all of the following:
      Element contains &amp;lt;img&amp;gt; element with alt text that duplicates existing text


  as) [&amp;quot;a[aria-label=\&amp;quot;Gift\\ for\\ women\&amp;quot;]&amp;quot;]
    Fix all of the following:
      Element contains &amp;lt;img&amp;gt; element with alt text that duplicates existing text


  at) [&amp;quot;a[aria-label=\&amp;quot;Gift\\ for\\ boys\&amp;quot;]&amp;quot;]
    Fix all of the following:
      Element contains &amp;lt;img&amp;gt; element with alt text that duplicates existing text


  au) [&amp;quot;a[aria-label=\&amp;quot;Gift\\ for\\ girls\&amp;quot;]&amp;quot;]
    Fix all of the following:
      Element contains &amp;lt;img&amp;gt; element with alt text that duplicates existing text


  av) [&amp;quot;a[aria-label=\&amp;quot;Gifts\\ by\\ interest\&amp;quot;]&amp;quot;]
    Fix all of the following:
      Element contains &amp;lt;img&amp;gt; element with alt text that duplicates existing text


  aw) [&amp;quot;a[aria-label=\&amp;quot;Most-gifted\&amp;quot;]&amp;quot;]
    Fix all of the following:
      Element contains &amp;lt;img&amp;gt; element with alt text that duplicates existing text


  ax) [&amp;quot;a[aria-label=\&amp;quot;Gift\\ Cards\&amp;quot;]&amp;quot;]
    Fix all of the following:
      Element contains &amp;lt;img&amp;gt; element with alt text that duplicates existing text


  ay) [&amp;quot;a[aria-label=\&amp;quot;Decorations\&amp;quot;]&amp;quot;]
    Fix all of the following:
      Element contains &amp;lt;img&amp;gt; element with alt text that duplicates existing text


  az) [&amp;quot;a[aria-label=\&amp;quot;CLOTHING\&amp;quot;]&amp;quot;]
    Fix all of the following:
      Element contains &amp;lt;img&amp;gt; element with alt text that duplicates existing text


  ba) [&amp;quot;#ql7SpWUqj3IIrT4H4JXUKA &amp;gt; .a-cardui-body &amp;gt; .a-spacing-small.grid-row-1.a-section &amp;gt; .quadrant-container-1.quadrant-container.a-spacing-none &amp;gt; .image-redirect.aok-block[aria-label=\&amp;quot;Footwear\&amp;quot;]&amp;quot;]
    Fix all of the following:
      Element contains &amp;lt;img&amp;gt; element with alt text that duplicates existing text


  bb) [&amp;quot;a[aria-label=\&amp;quot;Precious\\ jewellery\&amp;quot;]&amp;quot;]
    Fix all of the following:
      Element contains &amp;lt;img&amp;gt; element with alt text that duplicates existing text


  bc) [&amp;quot;a[aria-label=\&amp;quot;Smart\\ bulb\&amp;quot;]&amp;quot;]
    Fix all of the following:
      Element contains &amp;lt;img&amp;gt; element with alt text that duplicates existing text


  bd) [&amp;quot;a[aria-label=\&amp;quot;Echo\\ devices\&amp;quot;]&amp;quot;]
    Fix all of the following:
      Element contains &amp;lt;img&amp;gt; element with alt text that duplicates existing text


  be) [&amp;quot;a[aria-label=\&amp;quot;Smart\\ Plug\&amp;quot;]&amp;quot;]
    Fix all of the following:
      Element contains &amp;lt;img&amp;gt; element with alt text that duplicates existing text


2) Form elements should have a visible label: https://dequeuniversity.com/rules/axe/3.1/label-title-only?application=axeAPI
  a) [&amp;quot;#searchDropdownBox&amp;quot;]
    Fix all of the following:
      Only title used to generate label for form element


3) Links must have discernible text: https://dequeuniversity.com/rules/axe/3.1/link-name?application=axeAPI
  a) [&amp;quot;a[href$=\&amp;quot;ref=footer_logo\&amp;quot;]&amp;quot;]
    Fix all of the following:
      Element is in tab order and does not have accessible text

    Fix any of the following:
      Element does not have text that is visible to screen readers
      aria-label attribute does not exist or is empty
      aria-labelledby attribute does not exist, references elements that do not exist or references elements that are empty
      Element&amp;apos;s default semantics were not overridden with role=&amp;quot;presentation&amp;quot;
      Element&amp;apos;s default semantics were not overridden with role=&amp;quot;none&amp;quot;


4) Page must contain a level-one heading: https://dequeuniversity.com/rules/axe/3.1/page-has-heading-one?application=axeAPI
  a) [&amp;quot;html&amp;quot;]
    Fix all of the following:
      Page must have a level-one heading


5) All page content must be contained by landmarks: https://dequeuniversity.com/rules/axe/3.1/region?application=axeAPI
  a) [&amp;quot;html&amp;quot;]
    Fix any of the following:
      Some page content is not contained by landmarks

 expected [true] but found [false]">
      <![CDATA[java.lang.AssertionError: Found 5 accessibility violations:
1) Text of buttons and links should not be repeated in the image alternative: https://dequeuniversity.com/rules/axe/3.1/image-redundant-alt?application=axeAPI
  a) ["a[aria-label=\"Measuring\\ instruments\"]"]
    Fix all of the following:
      Element contains <img> element with alt text that duplicates existing text


  b) ["a[aria-label=\"Medical\\ supplies\"]"]
    Fix all of the following:
      Element contains <img> element with alt text that duplicates existing text


  c) ["a[aria-label=\"Flight\\ tickets\"]"]
    Fix all of the following:
      Element contains <img> element with alt text that duplicates existing text


  d) ["a[aria-label=\"Bus\\ tickets\"]"]
    Fix all of the following:
      Element contains <img> element with alt text that duplicates existing text


  e) ["a[aria-label=\"Train\\ tickets\"]"]
    Fix all of the following:
      Element contains <img> element with alt text that duplicates existing text


  f) ["a[aria-label=\"Essential\\ travel\\ products\"]"]
    Fix all of the following:
      Element contains <img> element with alt text that duplicates existing text


  g) ["a[aria-label=\"Cereals\\ \\&\\ Oats\"]"]
    Fix all of the following:
      Element contains <img> element with alt text that duplicates existing text


  h) ["a[aria-label=\"Tea\\ \\&\\ Coffee\"]"]
    Fix all of the following:
      Element contains <img> element with alt text that duplicates existing text


  i) ["a[aria-label=\"Spreads\\ \\&\\ Honey\"]"]
    Fix all of the following:
      Element contains <img> element with alt text that duplicates existing text


  j) ["a[aria-label=\"Clothing\"]"]
    Fix all of the following:
      Element contains <img> element with alt text that duplicates existing text


  k) ["a[href=\"/b?node=1983518031\"]"]
    Fix all of the following:
      Element contains <img> element with alt text that duplicates existing text


  l) ["a[href=\"/b?node=2563504031\"]"]
    Fix all of the following:
      Element contains <img> element with alt text that duplicates existing text


  m) ["a[aria-label=\"BAGS\\ \\&\\ LUGGAGE\"]"]
    Fix all of the following:
      Element contains <img> element with alt text that duplicates existing text


  n) ["a[aria-label=\"Cookware\"]"]
    Fix all of the following:
      Element contains <img> element with alt text that duplicates existing text


  o) ["a[aria-label=\"Tableware\"]"]
    Fix all of the following:
      Element contains <img> element with alt text that duplicates existing text


  p) ["a[aria-label=\"N95\\ Masks\\ \\&\\ respirators\"]"]
    Fix all of the following:
      Element contains <img> element with alt text that duplicates existing text


  q) ["a[aria-label=\"Cloth\\ masks\"]"]
    Fix all of the following:
      Element contains <img> element with alt text that duplicates existing text


  r) ["a[aria-label=\"Kids\\ mask\"]"]
    Fix all of the following:
      Element contains <img> element with alt text that duplicates existing text


  s) ["a[aria-label=\"View\\ the\\ mask\\ store\"]"]
    Fix all of the following:
      Element contains <img> element with alt text that duplicates existing text


  t) ["a[aria-label=\"Skin\\ care\"]"]
    Fix all of the following:
      Element contains <img> element with alt text that duplicates existing text


  u) ["a[aria-label=\"Hair\\ care\"]"]
    Fix all of the following:
      Element contains <img> element with alt text that duplicates existing text


  v) ["a[aria-label=\"Makeup\"]"]
    Fix all of the following:
      Element contains <img> element with alt text that duplicates existing text


  w) ["a[aria-label=\"Luxury\\ beauty\"]"]
    Fix all of the following:
      Element contains <img> element with alt text that duplicates existing text


  x) ["a[href=\"/b?node=11599648031\"]"]
    Fix all of the following:
      Element contains <img> element with alt text that duplicates existing text


  y) ["a[aria-label=\"Tablets\"]"]
    Fix all of the following:
      Element contains <img> element with alt text that duplicates existing text


  z) ["a[aria-label=\"Laptops\"]"]
    Fix all of the following:
      Element contains <img> element with alt text that duplicates existing text


  aa) ["a[aria-label=\"Monitors\"]"]
    Fix all of the following:
      Element contains <img> element with alt text that duplicates existing text


  ab) ["a[aria-label=\"All-new\\ Echo\\ Dot\"]"]
    Fix all of the following:
      Element contains <img> element with alt text that duplicates existing text


  ac) ["a[aria-label=\"All-new\\ Fire\\ TV\\ Stick\"]"]
    Fix all of the following:
      Element contains <img> element with alt text that duplicates existing text


  ad) ["a[aria-label=\"Echo\\ Show\\ 5\"]"]
    Fix all of the following:
      Element contains <img> element with alt text that duplicates existing text


  ae) ["a[aria-label=\"Kindle\\ E-readers\"]"]
    Fix all of the following:
      Element contains <img> element with alt text that duplicates existing text


  af) ["a[aria-label=\"Printers\"]"]
    Fix all of the following:
      Element contains <img> element with alt text that duplicates existing text


  ag) ["a[aria-label=\"Routers\\ \\&\\ hotspots\"]"]
    Fix all of the following:
      Element contains <img> element with alt text that duplicates existing text


  ah) ["a[aria-label=\"Computer\\ accessories\"]"]
    Fix all of the following:
      Element contains <img> element with alt text that duplicates existing text


  ai) ["a[aria-label=\"Stationery\\ \\&\\ office\\ supplies\"]"]
    Fix all of the following:
      Element contains <img> element with alt text that duplicates existing text


  aj) ["a[aria-label=\"Men\\'s\\ clothing\"]"]
    Fix all of the following:
      Element contains <img> element with alt text that duplicates existing text


  ak) ["a[aria-label=\"Women\u2019s\\ clothing\"]"]
    Fix all of the following:
      Element contains <img> element with alt text that duplicates existing text


  al) ["a[aria-label=\"Kids\\ clothing\"]"]
    Fix all of the following:
      Element contains <img> element with alt text that duplicates existing text


  am) [".grid-row-2.a-section > .quadrant-container-1.quadrant-container.a-spacing-none > .image-redirect.aok-block[aria-label=\"Footwear\"]"]
    Fix all of the following:
      Element contains <img> element with alt text that duplicates existing text


  an) ["a[aria-label=\"Men\u2019s\\ Innerwear\"]"]
    Fix all of the following:
      Element contains <img> element with alt text that duplicates existing text


  ao) ["a[aria-label=\"Women\\'s\\ sarees\"]"]
    Fix all of the following:
      Element contains <img> element with alt text that duplicates existing text


  ap) ["a[aria-label=\"Men\\'s\\ footwear\"]"]
    Fix all of the following:
      Element contains <img> element with alt text that duplicates existing text


  aq) [".quadrant-container-1.quadrant-container.a-spacing-none > .image-redirect.aok-block[aria-label=\"Watches\"]"]
    Fix all of the following:
      Element contains <img> element with alt text that duplicates existing text


  ar) ["a[aria-label=\"Gift\\ for\\ men\"]"]
    Fix all of the following:
      Element contains <img> element with alt text that duplicates existing text


  as) ["a[aria-label=\"Gift\\ for\\ women\"]"]
    Fix all of the following:
      Element contains <img> element with alt text that duplicates existing text


  at) ["a[aria-label=\"Gift\\ for\\ boys\"]"]
    Fix all of the following:
      Element contains <img> element with alt text that duplicates existing text


  au) ["a[aria-label=\"Gift\\ for\\ girls\"]"]
    Fix all of the following:
      Element contains <img> element with alt text that duplicates existing text


  av) ["a[aria-label=\"Gifts\\ by\\ interest\"]"]
    Fix all of the following:
      Element contains <img> element with alt text that duplicates existing text


  aw) ["a[aria-label=\"Most-gifted\"]"]
    Fix all of the following:
      Element contains <img> element with alt text that duplicates existing text


  ax) ["a[aria-label=\"Gift\\ Cards\"]"]
    Fix all of the following:
      Element contains <img> element with alt text that duplicates existing text


  ay) ["a[aria-label=\"Decorations\"]"]
    Fix all of the following:
      Element contains <img> element with alt text that duplicates existing text


  az) ["a[aria-label=\"CLOTHING\"]"]
    Fix all of the following:
      Element contains <img> element with alt text that duplicates existing text


  ba) ["#ql7SpWUqj3IIrT4H4JXUKA > .a-cardui-body > .a-spacing-small.grid-row-1.a-section > .quadrant-container-1.quadrant-container.a-spacing-none > .image-redirect.aok-block[aria-label=\"Footwear\"]"]
    Fix all of the following:
      Element contains <img> element with alt text that duplicates existing text


  bb) ["a[aria-label=\"Precious\\ jewellery\"]"]
    Fix all of the following:
      Element contains <img> element with alt text that duplicates existing text


  bc) ["a[aria-label=\"Smart\\ bulb\"]"]
    Fix all of the following:
      Element contains <img> element with alt text that duplicates existing text


  bd) ["a[aria-label=\"Echo\\ devices\"]"]
    Fix all of the following:
      Element contains <img> element with alt text that duplicates existing text


  be) ["a[aria-label=\"Smart\\ Plug\"]"]
    Fix all of the following:
      Element contains <img> element with alt text that duplicates existing text


2) Form elements should have a visible label: https://dequeuniversity.com/rules/axe/3.1/label-title-only?application=axeAPI
  a) ["#searchDropdownBox"]
    Fix all of the following:
      Only title used to generate label for form element


3) Links must have discernible text: https://dequeuniversity.com/rules/axe/3.1/link-name?application=axeAPI
  a) ["a[href$=\"ref=footer_logo\"]"]
    Fix all of the following:
      Element is in tab order and does not have accessible text

    Fix any of the following:
      Element does not have text that is visible to screen readers
      aria-label attribute does not exist or is empty
      aria-labelledby attribute does not exist, references elements that do not exist or references elements that are empty
      Element's default semantics were not overridden with role="presentation"
      Element's default semantics were not overridden with role="none"


4) Page must contain a level-one heading: https://dequeuniversity.com/rules/axe/3.1/page-has-heading-one?application=axeAPI
  a) ["html"]
    Fix all of the following:
      Page must have a level-one heading


5) All page content must be contained by landmarks: https://dequeuniversity.com/rules/axe/3.1/region?application=axeAPI
  a) ["html"]
    Fix any of the following:
      Some page content is not contained by landmarks

 expected [true] but found [false]
at parallel.AmazonPageSteps.user_is_on_home_page(AmazonPageSteps.java:35)
at ✽.user is on home page(file:///C:/Users/Raju%20Krish/git/CucumberPOMSeries/CucumberPOMSeries/src/test/resources/parallel/AmazonPage.feature:4)
... Removed 3 stack frames]]>
    </failure>
  </testcase> <!-- runScenario -->
</testsuite> <!-- chromeTest -->
